<?xml version="1.0" encoding="UTF-8"?>
<!-- Generated by org.testng.reporters.JUnitReportReporter -->
<testsuite skipped="0" hostname="Taloss-MacBook-Pro.local" name="com.gmail.testCases.VerifyGmailLogin" tests="1" failures="0" timestamp="25 Nov 2016 15:57:20 GMT" time="0.147" errors="0">
  <testcase name="verifyInvalidLogin" time="0.147" classname="com.gmail.testCases.VerifyGmailLogin"/>
</testsuite> <!-- com.gmail.testCases.VerifyGmailLogin -->
